-------------------------------------------------------------------------------
Test set: ParallelTest
-------------------------------------------------------------------------------
Tests run: 5, Failures: 1, Errors: 0, Skipped: 4, Time elapsed: 0.671 sec <<< FAILURE!
openBrowser(ParallelTest)  Time elapsed: 0.482 sec  <<< FAILURE!
java.lang.NullPointerException
	at ParallelTest.openBrowser(ParallelTest.java:18)

