<?xml version="1.0" encoding="UTF-8"?>
<testng-results skipped="0" failed="0" total="3" passed="3">
  <reporter-output>
  </reporter-output>
  <suite name="Suite" duration-ms="11935" started-at="2016-05-17T09:26:56Z" finished-at="2016-05-17T09:27:08Z">
    <groups>
    </groups>
    <test name="IETest" duration-ms="6433" started-at="2016-05-17T09:26:56Z" finished-at="2016-05-17T09:27:03Z">
      <class name="ParallelTest">
        <test-method status="PASS" signature="launchapp(java.lang.String)[pri:0, instance:ParallelTest@7ca48474]" name="launchapp" is-config="true" duration-ms="3903" started-at="2016-05-17T12:26:56Z" finished-at="2016-05-17T12:27:00Z">
          <params>
            <param index="0">
              <value>
                <![CDATA[internet explorer]]>
              </value>
            </param>
          </params>
          <reporter-output>
          </reporter-output>
        </test-method> <!-- launchapp -->
        <test-method status="PASS" signature="goToGoogle()[pri:0, instance:ParallelTest@7ca48474]" name="goToGoogle" duration-ms="1182" started-at="2016-05-17T12:27:00Z" finished-at="2016-05-17T12:27:01Z">
          <reporter-output>
          </reporter-output>
        </test-method> <!-- goToGoogle -->
        <test-method status="PASS" signature="closeBrowser()[pri:0, instance:ParallelTest@7ca48474]" name="closeBrowser" is-config="true" duration-ms="1342" started-at="2016-05-17T12:27:01Z" finished-at="2016-05-17T12:27:03Z">
          <reporter-output>
          </reporter-output>
        </test-method> <!-- closeBrowser -->
      </class> <!-- ParallelTest -->
    </test> <!-- IETest -->
    <test name="ChromeTest" duration-ms="10050" started-at="2016-05-17T09:26:56Z" finished-at="2016-05-17T09:27:06Z">
      <class name="ParallelTest">
        <test-method status="PASS" signature="launchapp(java.lang.String)[pri:0, instance:ParallelTest@97e1986]" name="launchapp" is-config="true" duration-ms="3525" started-at="2016-05-17T12:26:56Z" finished-at="2016-05-17T12:27:00Z">
          <params>
            <param index="0">
              <value>
                <![CDATA[chrome]]>
              </value>
            </param>
          </params>
          <reporter-output>
          </reporter-output>
        </test-method> <!-- launchapp -->
        <test-method status="PASS" signature="goToGoogle()[pri:0, instance:ParallelTest@97e1986]" name="goToGoogle" duration-ms="4984" started-at="2016-05-17T12:27:00Z" finished-at="2016-05-17T12:27:05Z">
          <reporter-output>
          </reporter-output>
        </test-method> <!-- goToGoogle -->
        <test-method status="PASS" signature="closeBrowser()[pri:0, instance:ParallelTest@97e1986]" name="closeBrowser" is-config="true" duration-ms="1523" started-at="2016-05-17T12:27:05Z" finished-at="2016-05-17T12:27:06Z">
          <reporter-output>
          </reporter-output>
        </test-method> <!-- closeBrowser -->
      </class> <!-- ParallelTest -->
    </test> <!-- ChromeTest -->
    <test name="FirefoxTest" duration-ms="11935" started-at="2016-05-17T09:26:56Z" finished-at="2016-05-17T09:27:08Z">
      <class name="ParallelTest">
        <test-method status="PASS" signature="launchapp(java.lang.String)[pri:0, instance:ParallelTest@6fb554cc]" name="launchapp" is-config="true" duration-ms="9539" started-at="2016-05-17T12:26:56Z" finished-at="2016-05-17T12:27:06Z">
          <params>
            <param index="0">
              <value>
                <![CDATA[firefox]]>
              </value>
            </param>
          </params>
          <reporter-output>
          </reporter-output>
        </test-method> <!-- launchapp -->
        <test-method status="PASS" signature="goToGoogle()[pri:0, instance:ParallelTest@6fb554cc]" name="goToGoogle" duration-ms="1833" started-at="2016-05-17T12:27:06Z" finished-at="2016-05-17T12:27:07Z">
          <reporter-output>
          </reporter-output>
        </test-method> <!-- goToGoogle -->
        <test-method status="PASS" signature="closeBrowser()[pri:0, instance:ParallelTest@6fb554cc]" name="closeBrowser" is-config="true" duration-ms="559" started-at="2016-05-17T12:27:07Z" finished-at="2016-05-17T12:27:08Z">
          <reporter-output>
          </reporter-output>
        </test-method> <!-- closeBrowser -->
      </class> <!-- ParallelTest -->
    </test> <!-- FirefoxTest -->
  </suite> <!-- Suite -->
</testng-results>
